2023-07-21 18:50:35,425 - __main__ - INFO - Token value: Token not available
2023-07-23 09:31:43,428 - __main__ - INFO - Token value: Token not available
2023-07-23 09:39:23,741 - __main__ - INFO - Token value: Token not available
2023-07-23 09:39:38,554 - __main__ - INFO - Token value: Token not available
2023-07-23 09:39:46,598 - __main__ - INFO - Token value: Token not available
2023-07-23 09:41:55,393 - __main__ - INFO - Token value: Token not available
2023-07-23 09:42:32,095 - __main__ - INFO - Token value: Token not available
2023-07-23 09:47:37,375 - __main__ - INFO - Token value: Token not available
2023-07-23 10:54:54,278 - __main__ - INFO - Token value: Token not available
2023-07-23 11:17:47,453 - __main__ - INFO - Token value: Token not available
2023-07-23 11:24:52,725 - __main__ - INFO - Token value: Token not available
2023-07-23 11:28:01,280 - __main__ - INFO - Token value: Token not available
<<<<<<< HEAD
2023-07-23 11:34:26,225 - __main__ - INFO - Token value: Token not available
=======
2023-07-23 03:37:37,071 - __main__ - INFO - Token value: 1234
>>>>>>> 2a167829a1d832cc591bc5147f10833719647394
2023-07-23 18:17:27,392 - __main__ - INFO - Token value: Token not available
2023-07-23 18:18:54,011 - __main__ - INFO - Token value: Token not available
<<<<<<< HEAD
2023-07-23 19:28:11,337 - __main__ - INFO - Token value: Token not available
2023-07-23 19:28:43,002 - __main__ - INFO - Token value: Token not available
2023-07-23 19:32:21,041 - __main__ - INFO - Token value: Token not available
2023-07-23 19:32:25,943 - __main__ - INFO - Token value: Token not available
=======
2023-07-23 10:47:42,223 - __main__ - INFO - Token value: 1234
2023-07-23 11:08:54,617 - __main__ - INFO - Token value: 1234
<<<<<<< HEAD
>>>>>>> a021496eaade575bec93e72d839d66ec3125c62e
=======
2023-07-23 11:41:35,689 - __main__ - INFO - Token value: 1234
>>>>>>> 898b4700637cb7c2c2425e6e9cf28c97639a7146
2023-07-24 10:46:37,535 - __main__ - INFO - Token value: Token not available
2023-07-24 18:22:12,111 - __main__ - INFO - Token value: 1234
2023-07-25 01:43:07,585 - __main__ - INFO - Token value: 1234
2023-07-28 01:18:49,941 - __main__ - INFO - Token value: 1234
2023-07-28 09:15:01,041 - __main__ - INFO - Token value: 1234
